<?xml version="1.0" encoding="UTF-8"?>
<!-- Generated by org.testng.reporters.JUnitXMLReporter -->
<testsuite hostname="DESKTOP-95VGTPM" ignored="0" name="Test" tests="6" failures="0" timestamp="2019-10-22T09:00:11 BDT" time="0.071" errors="0">
  <testcase name="BrowserAUtomation" time="0.008" classname="TestCases.SeleniumTest"/>
  <testcase name="elementsUi" time="0.0" classname="TestCases.SeleniumTest"/>
  <testcase name="deleteTwitter" time="0.0" classname="TestCases.RESTAPITest"/>
  <testcase name="postJira" time="0.0" classname="TestCases.RESTAPITest"/>
  <testcase name="IOSApps" time="0.0" classname="TestCases.AppiumTest"/>
  <testcase name="NativeAPpAndroid" time="0.0" classname="TestCases.AppiumTest"/>
</testsuite> <!-- Test -->
